<?xml version="1.0" encoding="UTF-8"?>
<testng-results ignored="0" total="1" passed="1" failed="0" skipped="0">
  <reporter-output>
  </reporter-output>
  <suite started-at="2019-11-19T09:11:37 EST" name="Edureka" finished-at="2019-11-19T09:15:24 EST" duration-ms="226821">
    <groups>
    </groups>
    <test started-at="2019-11-19T09:11:37 EST" name="Regression" finished-at="2019-11-19T09:15:24 EST" duration-ms="226821">
      <class name="com.edureka.module10.EdurekaFramework2TestScripts">
        <test-method is-config="true" signature="launchBrowser(java.lang.String)[pri:0, instance:com.edureka.module10.EdurekaFramework2TestScripts@49ec71f8]" started-at="2019-11-19T09:11:37 EST" name="launchBrowser" finished-at="2019-11-19T09:11:52 EST" duration-ms="14910" status="PASS">
          <params>
            <param index="0">
              <value>
                <![CDATA[chrome]]>
              </value>
            </param>
          </params>
          <reporter-output>
          </reporter-output>
        </test-method> <!-- launchBrowser -->
        <test-method signature="testcase_Framework2()[pri:0, instance:com.edureka.module10.EdurekaFramework2TestScripts@49ec71f8]" started-at="2019-11-19T09:11:52 EST" name="testcase_Framework2" finished-at="2019-11-19T09:15:23 EST" duration-ms="210756" status="PASS">
          <reporter-output>
          </reporter-output>
        </test-method> <!-- testcase_Framework2 -->
        <test-method is-config="true" signature="closeBrowser()[pri:0, instance:com.edureka.module10.EdurekaFramework2TestScripts@49ec71f8]" started-at="2019-11-19T09:15:23 EST" name="closeBrowser" finished-at="2019-11-19T09:15:24 EST" duration-ms="904" status="PASS">
          <reporter-output>
          </reporter-output>
        </test-method> <!-- closeBrowser -->
        <test-method is-config="true" signature="writeResult(org.testng.ITestResult)[pri:0, instance:com.edureka.module10.EdurekaFramework2TestScripts@49ec71f8]" started-at="2019-11-19T09:15:24 EST" name="writeResult" finished-at="2019-11-19T09:15:24 EST" duration-ms="208" status="PASS">
          <params>
            <param index="0">
              <value>
                <![CDATA[[TestResult name=testcase_Framework2 status=SUCCESS method=EdurekaFramework2TestScripts.testcase_Framework2()[pri:0, instance:com.edureka.module10.EdurekaFramework2TestScripts@49ec71f8] output={null}]]]>
              </value>
            </param>
          </params>
          <reporter-output>
          </reporter-output>
        </test-method> <!-- writeResult -->
      </class> <!-- com.edureka.module10.EdurekaFramework2TestScripts -->
    </test> <!-- Regression -->
  </suite> <!-- Edureka -->
</testng-results>
